Using pre-set license
Built from '2020.3/staging' branch; Version is '2020.3.13f1 (71691879b7f5) revision 7432472'; Using compiler version '192528614'; Build Type 'Release'
OS: 'Windows 10 Home Single Language; OS build 19042.1165; Version 2009; 64bit' Language: 'ru' Physical Memory: 16205 MB
BatchMode: 1, IsHumanControllingUs: 0, StartBugReporterOnCrash: 0, Is64bit: 1, IsPro: 0

 COMMAND LINE ARGUMENTS:
C:\Program Files\Unity\Hub\Editor\2020.3.13f1\Editor\Unity.exe
-adb2
-batchMode
-noUpm
-name
AssetImportWorker0
-projectPath
C:/Users/Asya/Documents/_Documents/Mine/Gamedev/Unity experiments/Wackabirthdaymole
-logFile
Logs/AssetImportWorker0.log
-srvPort
60666
Successfully changed project path to: C:/Users/Asya/Documents/_Documents/Mine/Gamedev/Unity experiments/Wackabirthdaymole
C:/Users/Asya/Documents/_Documents/Mine/Gamedev/Unity experiments/Wackabirthdaymole
Using Asset Import Pipeline V2.
Refreshing native plugins compatible for Editor in 42.53 ms, found 3 plugins.
Preloading 0 native plugins for Editor in 0.00 ms.
Initialize engine version: 2020.3.13f1 (71691879b7f5)
[Subsystems] Discovering subsystems at path C:/Program Files/Unity/Hub/Editor/2020.3.13f1/Editor/Data/Resources/UnitySubsystems
[Subsystems] Discovering subsystems at path C:/Users/Asya/Documents/_Documents/Mine/Gamedev/Unity experiments/Wackabirthdaymole/Assets
GfxDevice: creating device client; threaded=0
Direct3D:
    Version:  Direct3D 11.0 [level 11.1]
    Renderer: NVIDIA GeForce MX250 (ID=0x1d52)
    Vendor:   
    VRAM:     1983 MB
    Driver:   27.21.14.6280
Initialize mono
Mono path[0] = 'C:/Program Files/Unity/Hub/Editor/2020.3.13f1/Editor/Data/Managed'
Mono path[1] = 'C:/Program Files/Unity/Hub/Editor/2020.3.13f1/Editor/Data/MonoBleedingEdge/lib/mono/unityjit'
Mono config path = 'C:/Program Files/Unity/Hub/Editor/2020.3.13f1/Editor/Data/MonoBleedingEdge/etc'
Using monoOptions --debugger-agent=transport=dt_socket,embedding=1,server=y,suspend=n,address=127.0.0.1:56424
Begin MonoManager ReloadAssembly
Registering precompiled unity dll's ...
Register platform support module: C:/Program Files/Unity/Hub/Editor/2020.3.13f1/Editor/Data/PlaybackEngines/WindowsStandaloneSupport/UnityEditor.WindowsStandalone.Extensions.dll
Registered in 0.001542 seconds.
Native extension for WindowsStandalone target not found
Refreshing native plugins compatible for Editor in 35.00 ms, found 3 plugins.
Preloading 0 native plugins for Editor in 0.00 ms.
Mono: successfully reloaded assembly
- Completed reload, in  1.086 seconds
Platform modules already initialized, skipping
Registering precompiled user dll's ...
Registered in 0.003591 seconds.
Begin MonoManager ReloadAssembly
Native extension for WindowsStandalone target not found
Refreshing native plugins compatible for Editor in 33.00 ms, found 3 plugins.
Preloading 0 native plugins for Editor in 0.00 ms.
Mono: successfully reloaded assembly
- Completed reload, in  0.973 seconds
Platform modules already initialized, skipping
========================================================================
Worker process is ready to serve import requests
Launched and connected shader compiler UnityShaderCompiler.exe after 0.03 seconds
Refreshing native plugins compatible for Editor in 0.39 ms, found 3 plugins.
Preloading 0 native plugins for Editor in 0.00 ms.
Unloading 2103 Unused Serialized files (Serialized files now loaded: 0)
System memory in use before: 96.0 MB.
System memory in use after: 95.9 MB.

Unloading 33 unused Assets to reduce memory usage. Loaded Objects now: 2537.
Total: 2.822300 ms (FindLiveObjects: 0.178700 ms CreateObjectMapping: 0.072200 ms MarkObjects: 2.454900 ms  DeleteObjects: 0.115400 ms)

AssetImportParameters requested are different than current active one (requested -> active):
  custom:framework-win-MediaFoundation: 216162199b28c13a410421893ffa2e32 -> 
  custom:video-decoder-ogg-theora: a1e56fd34408186e4bbccfd4996cb3dc -> 
  custom:container-muxer-webm: aa71ff27fc2769a1b78a27578f13a17b -> 
  custom:container-demuxer-webm: 4f35f7cbe854078d1ac9338744f61a02 -> 
  custom:container-demuxer-ogg: 62fdf1f143b41e24485cea50d1cbac27 -> 
  custom:video-encoder-webm-vp8: eb34c28f22e8b96e1ab97ce403110664 -> 
  custom:video-codec-MediaFoundation-h265: 746d11721c4dcdbdad8f713fa42b33f4 -> 
  custom:video-decoder-webm-vp8: 9c59270c3fd7afecdb556c50c9e8de78 -> 
  custom:audio-decoder-ogg-vorbis: bf7c407c2cedff20999df2af8eb42d56 -> 
  custom:audio-encoder-webm-vorbis: bf7c407c2cedff20999df2af8eb42d56 -> 
========================================================================
Received Import Request.
  path: Assets/Scenes/MainScene.unity
  artifactKey: Guid(2cda990e2423bbf4892e6590ba056729) Importer(815301076,1909f56bfc062723c751e8b465ee728b)
Start importing Assets/Scenes/MainScene.unity using Guid(2cda990e2423bbf4892e6590ba056729) Importer(815301076,1909f56bfc062723c751e8b465ee728b)  -> (artifact id: '04d2a3fd804a82ac6a8771e4411c076d') in 0.016283 seconds 
  Import took 0.019332 seconds .

========================================================================
Received Prepare
Registering precompiled user dll's ...
Registered in 0.004115 seconds.
Begin MonoManager ReloadAssembly
Native extension for WindowsStandalone target not found
Refreshing native plugins compatible for Editor in 0.44 ms, found 3 plugins.
Preloading 0 native plugins for Editor in 0.00 ms.
Mono: successfully reloaded assembly
- Completed reload, in  0.974 seconds
Platform modules already initialized, skipping
Refreshing native plugins compatible for Editor in 0.41 ms, found 3 plugins.
Preloading 0 native plugins for Editor in 0.00 ms.
Unloading 2085 Unused Serialized files (Serialized files now loaded: 0)
System memory in use before: 94.6 MB.
System memory in use after: 94.6 MB.

Unloading 21 unused Assets to reduce memory usage. Loaded Objects now: 2541.
Total: 1.995400 ms (FindLiveObjects: 0.163400 ms CreateObjectMapping: 0.058800 ms MarkObjects: 1.682800 ms  DeleteObjects: 0.088700 ms)

AssetImportParameters requested are different than current active one (requested -> active):
  custom:framework-win-MediaFoundation: 216162199b28c13a410421893ffa2e32 -> 
  custom:video-decoder-ogg-theora: a1e56fd34408186e4bbccfd4996cb3dc -> 
  custom:container-muxer-webm: aa71ff27fc2769a1b78a27578f13a17b -> 
  custom:container-demuxer-webm: 4f35f7cbe854078d1ac9338744f61a02 -> 
  custom:container-demuxer-ogg: 62fdf1f143b41e24485cea50d1cbac27 -> 
  custom:video-encoder-webm-vp8: eb34c28f22e8b96e1ab97ce403110664 -> 
  custom:video-codec-MediaFoundation-h265: 746d11721c4dcdbdad8f713fa42b33f4 -> 
  custom:video-decoder-webm-vp8: 9c59270c3fd7afecdb556c50c9e8de78 -> 
  custom:audio-decoder-ogg-vorbis: bf7c407c2cedff20999df2af8eb42d56 -> 
  custom:audio-encoder-webm-vorbis: bf7c407c2cedff20999df2af8eb42d56 -> 
========================================================================
Received Prepare
Registering precompiled user dll's ...
Registered in 0.003217 seconds.
Begin MonoManager ReloadAssembly
Native extension for WindowsStandalone target not found
Refreshing native plugins compatible for Editor in 0.38 ms, found 3 plugins.
Preloading 0 native plugins for Editor in 0.00 ms.
Mono: successfully reloaded assembly
- Completed reload, in  0.904 seconds
Platform modules already initialized, skipping
Refreshing native plugins compatible for Editor in 0.80 ms, found 3 plugins.
Preloading 0 native plugins for Editor in 0.00 ms.
Unloading 2085 Unused Serialized files (Serialized files now loaded: 0)
System memory in use before: 94.7 MB.
System memory in use after: 94.7 MB.

Unloading 21 unused Assets to reduce memory usage. Loaded Objects now: 2545.
Total: 2.505200 ms (FindLiveObjects: 0.194300 ms CreateObjectMapping: 0.062800 ms MarkObjects: 2.123700 ms  DeleteObjects: 0.123500 ms)

AssetImportParameters requested are different than current active one (requested -> active):
  custom:framework-win-MediaFoundation: 216162199b28c13a410421893ffa2e32 -> 
  custom:video-decoder-ogg-theora: a1e56fd34408186e4bbccfd4996cb3dc -> 
  custom:container-muxer-webm: aa71ff27fc2769a1b78a27578f13a17b -> 
  custom:container-demuxer-webm: 4f35f7cbe854078d1ac9338744f61a02 -> 
  custom:container-demuxer-ogg: 62fdf1f143b41e24485cea50d1cbac27 -> 
  custom:video-encoder-webm-vp8: eb34c28f22e8b96e1ab97ce403110664 -> 
  custom:video-codec-MediaFoundation-h265: 746d11721c4dcdbdad8f713fa42b33f4 -> 
  custom:video-decoder-webm-vp8: 9c59270c3fd7afecdb556c50c9e8de78 -> 
  custom:audio-decoder-ogg-vorbis: bf7c407c2cedff20999df2af8eb42d56 -> 
  custom:audio-encoder-webm-vorbis: bf7c407c2cedff20999df2af8eb42d56 -> 
========================================================================
Received Prepare
Registering precompiled user dll's ...
Registered in 0.003174 seconds.
Begin MonoManager ReloadAssembly
Native extension for WindowsStandalone target not found
Refreshing native plugins compatible for Editor in 0.41 ms, found 3 plugins.
Preloading 0 native plugins for Editor in 0.00 ms.
Mono: successfully reloaded assembly
- Completed reload, in  0.982 seconds
Platform modules already initialized, skipping
Refreshing native plugins compatible for Editor in 0.40 ms, found 3 plugins.
Preloading 0 native plugins for Editor in 0.00 ms.
Unloading 2085 Unused Serialized files (Serialized files now loaded: 0)
System memory in use before: 94.7 MB.
System memory in use after: 94.7 MB.

Unloading 21 unused Assets to reduce memory usage. Loaded Objects now: 2549.
Total: 2.584000 ms (FindLiveObjects: 0.251500 ms CreateObjectMapping: 0.067500 ms MarkObjects: 2.169000 ms  DeleteObjects: 0.095200 ms)

AssetImportParameters requested are different than current active one (requested -> active):
  custom:framework-win-MediaFoundation: 216162199b28c13a410421893ffa2e32 -> 
  custom:video-decoder-ogg-theora: a1e56fd34408186e4bbccfd4996cb3dc -> 
  custom:container-muxer-webm: aa71ff27fc2769a1b78a27578f13a17b -> 
  custom:container-demuxer-webm: 4f35f7cbe854078d1ac9338744f61a02 -> 
  custom:container-demuxer-ogg: 62fdf1f143b41e24485cea50d1cbac27 -> 
  custom:video-encoder-webm-vp8: eb34c28f22e8b96e1ab97ce403110664 -> 
  custom:video-codec-MediaFoundation-h265: 746d11721c4dcdbdad8f713fa42b33f4 -> 
  custom:video-decoder-webm-vp8: 9c59270c3fd7afecdb556c50c9e8de78 -> 
  custom:audio-decoder-ogg-vorbis: bf7c407c2cedff20999df2af8eb42d56 -> 
  custom:audio-encoder-webm-vorbis: bf7c407c2cedff20999df2af8eb42d56 -> 
========================================================================
Received Import Request.
  Time since last request: 796.787028 seconds.
  path: Assets/Animations
  artifactKey: Guid(f6ef0c77fb3992048bff2eea2babd9fb) Importer(815301076,1909f56bfc062723c751e8b465ee728b)
Start importing Assets/Animations using Guid(f6ef0c77fb3992048bff2eea2babd9fb) Importer(815301076,1909f56bfc062723c751e8b465ee728b)  -> (artifact id: '33233b149b0fb8ce2e8fa7ce80fab07d') in 0.010379 seconds 
  Import took 0.013476 seconds .

========================================================================
Received Import Request.
  Time since last request: 24.779756 seconds.
  path: Assets/Animations/PlayerMole.controller
  artifactKey: Guid(8a5d5380eea9fc54796f5f9a506ddcf2) Importer(815301076,1909f56bfc062723c751e8b465ee728b)
Start importing Assets/Animations/PlayerMole.controller using Guid(8a5d5380eea9fc54796f5f9a506ddcf2) Importer(815301076,1909f56bfc062723c751e8b465ee728b)  -> (artifact id: '5e7aecb9b2a200c21b3ee669258501c4') in 0.029712 seconds 
  Import took 0.033088 seconds .

========================================================================
Received Import Request.
  Time since last request: 40.874836 seconds.
  path: Assets/Animations/PlayerIdle.anim
  artifactKey: Guid(4b9a7d3c86227b74691e3f5fe561d809) Importer(815301076,1909f56bfc062723c751e8b465ee728b)
Start importing Assets/Animations/PlayerIdle.anim using Guid(4b9a7d3c86227b74691e3f5fe561d809) Importer(815301076,1909f56bfc062723c751e8b465ee728b)  -> (artifact id: 'b54b218f79ae7d6bde9517686ecfece7') in 0.010640 seconds 
  Import took 0.014366 seconds .

========================================================================
Received Import Request.
  Time since last request: 0.000729 seconds.
  path: Assets/Animations/PlayerIdle.anim
  artifactKey: Guid(4b9a7d3c86227b74691e3f5fe561d809) Importer(815301076,1909f56bfc062723c751e8b465ee728b)
Start importing Assets/Animations/PlayerIdle.anim using Guid(4b9a7d3c86227b74691e3f5fe561d809) Importer(815301076,1909f56bfc062723c751e8b465ee728b)  -> (artifact id: 'b54b218f79ae7d6bde9517686ecfece7') in 0.003378 seconds 
  Import took 0.006345 seconds .

========================================================================
Received Import Request.
  Time since last request: 1223.524756 seconds.
  path: Assets/Animations/Cake.cs
  artifactKey: Guid(70fa745e8678b8243ade1c799df707d4) Importer(815301076,1909f56bfc062723c751e8b465ee728b)
Start importing Assets/Animations/Cake.cs using Guid(70fa745e8678b8243ade1c799df707d4) Importer(815301076,1909f56bfc062723c751e8b465ee728b)  -> (artifact id: 'd3b8e9593356a0ce88f984ddef065715') in 0.012981 seconds 
  Import took 0.017216 seconds .

========================================================================
Received Prepare
Registering precompiled user dll's ...
Registered in 0.005320 seconds.
Begin MonoManager ReloadAssembly
Native extension for WindowsStandalone target not found
Refreshing native plugins compatible for Editor in 0.61 ms, found 3 plugins.
Preloading 0 native plugins for Editor in 0.00 ms.
Mono: successfully reloaded assembly
- Completed reload, in  1.765 seconds
Platform modules already initialized, skipping
Refreshing native plugins compatible for Editor in 0.55 ms, found 3 plugins.
Preloading 0 native plugins for Editor in 0.00 ms.
Unloading 2085 Unused Serialized files (Serialized files now loaded: 0)
System memory in use before: 94.8 MB.
System memory in use after: 94.7 MB.

Unloading 21 unused Assets to reduce memory usage. Loaded Objects now: 2553.
Total: 3.087800 ms (FindLiveObjects: 0.246200 ms CreateObjectMapping: 0.117300 ms MarkObjects: 2.582300 ms  DeleteObjects: 0.140500 ms)

AssetImportParameters requested are different than current active one (requested -> active):
  custom:framework-win-MediaFoundation: 216162199b28c13a410421893ffa2e32 -> 
  custom:video-decoder-ogg-theora: a1e56fd34408186e4bbccfd4996cb3dc -> 
  custom:container-muxer-webm: aa71ff27fc2769a1b78a27578f13a17b -> 
  custom:container-demuxer-webm: 4f35f7cbe854078d1ac9338744f61a02 -> 
  custom:container-demuxer-ogg: 62fdf1f143b41e24485cea50d1cbac27 -> 
  custom:video-encoder-webm-vp8: eb34c28f22e8b96e1ab97ce403110664 -> 
  custom:video-codec-MediaFoundation-h265: 746d11721c4dcdbdad8f713fa42b33f4 -> 
  custom:video-decoder-webm-vp8: 9c59270c3fd7afecdb556c50c9e8de78 -> 
  custom:audio-decoder-ogg-vorbis: bf7c407c2cedff20999df2af8eb42d56 -> 
  custom:audio-encoder-webm-vorbis: bf7c407c2cedff20999df2af8eb42d56 -> 
========================================================================
Received Import Request.
  Time since last request: 15.455205 seconds.
  path: Assets/Scripts/Cake.cs
  artifactKey: Guid(2beba05e893cdce45b1789b7b8798107) Importer(815301076,1909f56bfc062723c751e8b465ee728b)
Start importing Assets/Scripts/Cake.cs using Guid(2beba05e893cdce45b1789b7b8798107) Importer(815301076,1909f56bfc062723c751e8b465ee728b)  -> (artifact id: '820d668d79df3062a261ef26b03e4eb5') in 0.005589 seconds 
  Import took 0.009101 seconds .

========================================================================
Received Import Request.
  Time since last request: 0.040215 seconds.
  path: Assets/Scripts/Cake.cs
  artifactKey: Guid(2beba05e893cdce45b1789b7b8798107) Importer(815301076,1909f56bfc062723c751e8b465ee728b)
Start importing Assets/Scripts/Cake.cs using Guid(2beba05e893cdce45b1789b7b8798107) Importer(815301076,1909f56bfc062723c751e8b465ee728b)  -> (artifact id: '820d668d79df3062a261ef26b03e4eb5') in 0.002963 seconds 
  Import took 0.006549 seconds .

========================================================================
Received Import Request.
  Time since last request: 379.255614 seconds.
  path: Assets/Animations/Cake.controller
  artifactKey: Guid(9b9a629b7eeb72449b367b7974465391) Importer(815301076,1909f56bfc062723c751e8b465ee728b)
Start importing Assets/Animations/Cake.controller using Guid(9b9a629b7eeb72449b367b7974465391) Importer(815301076,1909f56bfc062723c751e8b465ee728b)  -> (artifact id: 'd1a194092ab1b8c77a491534707972e2') in 0.011483 seconds 
  Import took 0.014319 seconds .

========================================================================
Received Import Request.
  Time since last request: 77.625565 seconds.
  path: Assets/Animations/CakeIdle.anim
  artifactKey: Guid(c2aafe33ebacf77408c8625bc6376bb8) Importer(815301076,1909f56bfc062723c751e8b465ee728b)
Start importing Assets/Animations/CakeIdle.anim using Guid(c2aafe33ebacf77408c8625bc6376bb8) Importer(815301076,1909f56bfc062723c751e8b465ee728b)  -> (artifact id: '760b6463667a02234018fe7fb01d6c59') in 0.008952 seconds 
  Import took 0.013003 seconds .

========================================================================
Received Import Request.
  Time since last request: 0.001935 seconds.
  path: Assets/Animations/CakeIdle.anim
  artifactKey: Guid(c2aafe33ebacf77408c8625bc6376bb8) Importer(815301076,1909f56bfc062723c751e8b465ee728b)
Start importing Assets/Animations/CakeIdle.anim using Guid(c2aafe33ebacf77408c8625bc6376bb8) Importer(815301076,1909f56bfc062723c751e8b465ee728b)  -> (artifact id: '760b6463667a02234018fe7fb01d6c59') in 0.003947 seconds 
  Import took 0.007280 seconds .

========================================================================
Received Import Request.
  Time since last request: 2.917187 seconds.
  path: Assets/Animations/PlayerMole.controller
  artifactKey: Guid(8a5d5380eea9fc54796f5f9a506ddcf2) Importer(815301076,1909f56bfc062723c751e8b465ee728b)
Start importing Assets/Animations/PlayerMole.controller using Guid(8a5d5380eea9fc54796f5f9a506ddcf2) Importer(815301076,1909f56bfc062723c751e8b465ee728b)  -> (artifact id: '11dc9841683f0e2eacecd3785f6036e5') in 0.008364 seconds 
  Import took 0.011610 seconds .

========================================================================
Received Import Request.
  Time since last request: 1.963571 seconds.
  path: Assets/Animations/Player.controller
  artifactKey: Guid(8a5d5380eea9fc54796f5f9a506ddcf2) Importer(815301076,1909f56bfc062723c751e8b465ee728b)
Start importing Assets/Animations/Player.controller using Guid(8a5d5380eea9fc54796f5f9a506ddcf2) Importer(815301076,1909f56bfc062723c751e8b465ee728b)  -> (artifact id: 'fd451c0554b8f473b2aa87a267a97be7') in 0.008118 seconds 
  Import took 0.011291 seconds .

========================================================================
Received Import Request.
  Time since last request: 256.006565 seconds.
  path: Assets/Animations/PlayerIdle.anim
  artifactKey: Guid(4b9a7d3c86227b74691e3f5fe561d809) Importer(815301076,1909f56bfc062723c751e8b465ee728b)
Start importing Assets/Animations/PlayerIdle.anim using Guid(4b9a7d3c86227b74691e3f5fe561d809) Importer(815301076,1909f56bfc062723c751e8b465ee728b)  -> (artifact id: 'eb279bc89f8ed843f65680d07cf16672') in 0.004283 seconds 
  Import took 0.007154 seconds .

========================================================================
Received Import Request.
  Time since last request: 353.886877 seconds.
  path: Assets/Animations/Cake.controller
  artifactKey: Guid(9b9a629b7eeb72449b367b7974465391) Importer(815301076,1909f56bfc062723c751e8b465ee728b)
Start importing Assets/Animations/Cake.controller using Guid(9b9a629b7eeb72449b367b7974465391) Importer(815301076,1909f56bfc062723c751e8b465ee728b)  -> (artifact id: 'e74c9f08b77ef2d8071a66b000535a79') in 0.005118 seconds 
  Import took 0.008436 seconds .

